[2019-04-22 12:23:44 +0000] [18461] [INFO] Starting gunicorn 19.9.0
[2019-04-22 12:23:44 +0000] [18461] [INFO] Listening at: http://0.0.0.0:8000 (18461)
[2019-04-22 12:23:44 +0000] [18461] [INFO] Using worker: sync
[2019-04-22 12:23:44 +0000] [18464] [INFO] Booting worker with pid: 18464
[2019-04-22 12:23:44 +0000] [18464] [ERROR] Exception in worker process
Traceback (most recent call last):
  File "/home/ubuntu/.local/lib/python3.6/site-packages/gunicorn/arbiter.py", line 583, in spawn_worker
    worker.init_process()
  File "/home/ubuntu/.local/lib/python3.6/site-packages/gunicorn/workers/base.py", line 129, in init_process
    self.load_wsgi()
  File "/home/ubuntu/.local/lib/python3.6/site-packages/gunicorn/workers/base.py", line 138, in load_wsgi
    self.wsgi = self.app.wsgi()
  File "/home/ubuntu/.local/lib/python3.6/site-packages/gunicorn/app/base.py", line 67, in wsgi
    self.callable = self.load()
  File "/home/ubuntu/.local/lib/python3.6/site-packages/gunicorn/app/wsgiapp.py", line 52, in load
    return self.load_wsgiapp()
  File "/home/ubuntu/.local/lib/python3.6/site-packages/gunicorn/app/wsgiapp.py", line 41, in load_wsgiapp
    return util.import_app(self.app_uri)
  File "/home/ubuntu/.local/lib/python3.6/site-packages/gunicorn/util.py", line 350, in import_app
    __import__(module)
  File "/home/ubuntu/wenlei/analysis-web/app.py", line 7, in <module>
    from flask_cors import CORS
ModuleNotFoundError: No module named 'flask_cors'
[2019-04-22 12:23:44 +0000] [18464] [INFO] Worker exiting (pid: 18464)
[2019-04-22 12:23:44 +0000] [18461] [INFO] Shutting down: Master
[2019-04-22 12:23:44 +0000] [18461] [INFO] Reason: Worker failed to boot.
[2019-04-22 12:24:56 +0000] [18494] [INFO] Starting gunicorn 19.9.0
[2019-04-22 12:24:56 +0000] [18494] [INFO] Listening at: http://0.0.0.0:8000 (18494)
[2019-04-22 12:24:56 +0000] [18494] [INFO] Using worker: sync
[2019-04-22 12:24:56 +0000] [18497] [INFO] Booting worker with pid: 18497
[2019-04-22 12:26:19 +0000] [18494] [CRITICAL] WORKER TIMEOUT (pid:18497)
[2019-04-22 12:26:19 +0000] [18497] [INFO] Worker exiting (pid: 18497)
[2019-04-22 12:26:19 +0000] [18501] [INFO] Booting worker with pid: 18501
[2019-04-22 12:48:32 +0000] [18494] [CRITICAL] WORKER TIMEOUT (pid:18501)
[2019-04-22 12:48:32 +0000] [18501] [INFO] Worker exiting (pid: 18501)
[2019-04-22 12:48:32 +0000] [18529] [INFO] Booting worker with pid: 18529
[2019-04-22 12:49:19 +0000] [18494] [CRITICAL] WORKER TIMEOUT (pid:18529)
[2019-04-22 12:49:19 +0000] [18529] [INFO] Worker exiting (pid: 18529)
[2019-04-22 12:49:19 +0000] [18531] [INFO] Booting worker with pid: 18531
[2019-04-22 12:50:17 +0000] [18494] [CRITICAL] WORKER TIMEOUT (pid:18531)
[2019-04-22 12:50:17 +0000] [18531] [INFO] Worker exiting (pid: 18531)
[2019-04-22 12:50:17 +0000] [18537] [INFO] Booting worker with pid: 18537
[2019-04-22 14:36:30 +0000] [18669] [INFO] Booting worker with pid: 18669
[2019-04-22 14:36:30 +0000] [18494] [INFO] Handling signal: hup
[2019-04-22 14:36:30 +0000] [18494] [INFO] Hang up: Master
[2019-04-22 14:36:30 +0000] [18670] [INFO] Booting worker with pid: 18670
[2019-04-22 14:36:30 +0000] [18669] [INFO] Worker exiting (pid: 18669)
[2019-04-23 00:55:34 +0000] [18494] [CRITICAL] WORKER TIMEOUT (pid:18670)
[2019-04-23 00:55:34 +0000] [18670] [INFO] Worker exiting (pid: 18670)
[2019-04-23 00:55:34 +0000] [19401] [INFO] Booting worker with pid: 19401
[2019-04-23 00:59:37 +0000] [18494] [CRITICAL] WORKER TIMEOUT (pid:19401)
[2019-04-23 00:59:37 +0000] [19401] [INFO] Worker exiting (pid: 19401)
[2019-04-23 00:59:37 +0000] [19407] [INFO] Booting worker with pid: 19407
[2019-04-23 03:54:48 +0000] [18494] [INFO] Handling signal: term
[2019-04-23 03:54:48 +0000] [19407] [INFO] Worker exiting (pid: 19407)
[2019-04-23 03:54:48 +0000] [18494] [INFO] Shutting down: Master
[2019-04-23 06:10:04 +0000] [22200] [INFO] Starting gunicorn 19.9.0
[2019-04-23 06:10:04 +0000] [22200] [INFO] Listening at: http://0.0.0.0:8001 (22200)
[2019-04-23 06:10:04 +0000] [22200] [INFO] Using worker: sync
[2019-04-23 06:10:04 +0000] [22203] [INFO] Booting worker with pid: 22203
[2019-04-23 06:54:06 +0000] [22200] [INFO] Handling signal: term
[2019-04-23 06:54:06 +0000] [22203] [INFO] Worker exiting (pid: 22203)
[2019-04-23 06:54:06 +0000] [22200] [INFO] Shutting down: Master
[2019-04-23 07:19:24 +0000] [22886] [INFO] Starting gunicorn 19.9.0
[2019-04-23 07:19:24 +0000] [22886] [INFO] Listening at: http://0.0.0.0:8001 (22886)
[2019-04-23 07:19:24 +0000] [22886] [INFO] Using worker: sync
[2019-04-23 07:19:24 +0000] [22889] [INFO] Booting worker with pid: 22889
[2019-04-23 07:19:58,720] ERROR in app: Exception on /server/upload [POST]
Traceback (most recent call last):
  File "/home/ubuntu/.local/lib/python3.6/site-packages/flask/app.py", line 2292, in wsgi_app
    response = self.full_dispatch_request()
  File "/home/ubuntu/.local/lib/python3.6/site-packages/flask/app.py", line 1815, in full_dispatch_request
    rv = self.handle_user_exception(e)
  File "/home/ubuntu/.local/lib/python3.6/site-packages/flask_cors/extension.py", line 161, in wrapped_function
    return cors_after_request(app.make_response(f(*args, **kwargs)))
  File "/home/ubuntu/.local/lib/python3.6/site-packages/flask/app.py", line 1718, in handle_user_exception
    reraise(exc_type, exc_value, tb)
  File "/home/ubuntu/.local/lib/python3.6/site-packages/flask/_compat.py", line 35, in reraise
    raise value
  File "/home/ubuntu/.local/lib/python3.6/site-packages/flask/app.py", line 1813, in full_dispatch_request
    rv = self.dispatch_request()
  File "/home/ubuntu/.local/lib/python3.6/site-packages/flask/app.py", line 1799, in dispatch_request
    return self.view_functions[rule.endpoint](**req.view_args)
  File "/home/ubuntu/wenlei/analysis-web/app.py", line 23, in upload
    f.save(os.getcwd() + '/uploads/' + secure_filename(f.filename))
  File "/home/ubuntu/.local/lib/python3.6/site-packages/werkzeug/datastructures.py", line 2799, in save
    dst = open(dst, "wb")
FileNotFoundError: [Errno 2] No such file or directory: '/home/ubuntu/wenlei/analysis-web/uploads/source.xls'
[2019-04-23 07:24:05,714] ERROR in app: Exception on /server/upload [POST]
Traceback (most recent call last):
  File "/home/ubuntu/.local/lib/python3.6/site-packages/flask/app.py", line 2292, in wsgi_app
    response = self.full_dispatch_request()
  File "/home/ubuntu/.local/lib/python3.6/site-packages/flask/app.py", line 1815, in full_dispatch_request
    rv = self.handle_user_exception(e)
  File "/home/ubuntu/.local/lib/python3.6/site-packages/flask_cors/extension.py", line 161, in wrapped_function
    return cors_after_request(app.make_response(f(*args, **kwargs)))
  File "/home/ubuntu/.local/lib/python3.6/site-packages/flask/app.py", line 1718, in handle_user_exception
    reraise(exc_type, exc_value, tb)
  File "/home/ubuntu/.local/lib/python3.6/site-packages/flask/_compat.py", line 35, in reraise
    raise value
  File "/home/ubuntu/.local/lib/python3.6/site-packages/flask/app.py", line 1813, in full_dispatch_request
    rv = self.dispatch_request()
  File "/home/ubuntu/.local/lib/python3.6/site-packages/flask/app.py", line 1799, in dispatch_request
    return self.view_functions[rule.endpoint](**req.view_args)
  File "/home/ubuntu/wenlei/analysis-web/app.py", line 23, in upload
    f.save(os.getcwd() + '/uploads/' + secure_filename(f.filename))
  File "/home/ubuntu/.local/lib/python3.6/site-packages/werkzeug/datastructures.py", line 2799, in save
    dst = open(dst, "wb")
FileNotFoundError: [Errno 2] No such file or directory: '/home/ubuntu/wenlei/analysis-web/uploads/source.xls'
[2019-04-23 07:25:56,568] ERROR in app: Exception on /server/exe [POST]
Traceback (most recent call last):
  File "/home/ubuntu/.local/lib/python3.6/site-packages/flask/app.py", line 2292, in wsgi_app
    response = self.full_dispatch_request()
  File "/home/ubuntu/.local/lib/python3.6/site-packages/flask/app.py", line 1815, in full_dispatch_request
    rv = self.handle_user_exception(e)
  File "/home/ubuntu/.local/lib/python3.6/site-packages/flask_cors/extension.py", line 161, in wrapped_function
    return cors_after_request(app.make_response(f(*args, **kwargs)))
  File "/home/ubuntu/.local/lib/python3.6/site-packages/flask/app.py", line 1718, in handle_user_exception
    reraise(exc_type, exc_value, tb)
  File "/home/ubuntu/.local/lib/python3.6/site-packages/flask/_compat.py", line 35, in reraise
    raise value
  File "/home/ubuntu/.local/lib/python3.6/site-packages/flask/app.py", line 1813, in full_dispatch_request
    rv = self.dispatch_request()
  File "/home/ubuntu/.local/lib/python3.6/site-packages/flask/app.py", line 1799, in dispatch_request
    return self.view_functions[rule.endpoint](**req.view_args)
  File "/home/ubuntu/wenlei/analysis-web/app.py", line 32, in exe
    desc = ExcelExe().execute(path)
  File "/home/ubuntu/wenlei/analysis-web/service/__init__.py", line 187, in execute
    self.wb.save(path)
  File "/home/ubuntu/.local/lib/python3.6/site-packages/xlwt/Workbook.py", line 710, in save
    doc.save(filename_or_stream, self.get_biff_data())
  File "/home/ubuntu/.local/lib/python3.6/site-packages/xlwt/CompoundDoc.py", line 262, in save
    f = open(file_name_or_filelike_obj, 'w+b')
FileNotFoundError: [Errno 2] No such file or directory: './static/excel/1556004356553.xls'
{'company': '苏宁', 'companyName': '苏宁2', 'departmentName': '前端开发', 'job': '工程师', 'userName': '闻磊', 'sex': '男', 'idCard': '130928199205206914', 'tech': '高级', 'skillLevel': '高级', 'position': '唐颂教室', 'time': '04.01-04.05', 'study_time': 30.0, 'score': 99.0, 'advice': ' 根据《大唐集团1号文件》规定，该同志在集团公司2019年“安全员”培训项目中达到考核标准，企业可依据实际情况，在上岗时予以参考。', 'advice_time': '2019年4月15日'}
{'company': '大唐', 'companyName': '南环', 'departmentName': '培训中心', 'job': '专员', 'userName': '康珺馨', 'sex': '女', 'idCard': '1212198918918291', 'tech': '中级', 'skillLevel': '中级', 'position': '唐颂教室', 'time': '04.01-04.05', 'study_time': 30.0, 'score': 98.0, 'advice': ' 根据《大唐集团1号文件》规定，该同志在集团公司2019年“安全员”培训项目中达到考核标准，企业可依据实际情况，在上岗时予以参考。', 'advice_time': '2019年4月15日'}
{'company': '新疆公司', 'companyName': '大唐新疆发电有限公司', 'departmentName': '安全生产部', 'job': '环保科技信息主管', 'userName': '钱为', 'sex': '男', 'idCard': '652301197903140811', 'tech': '中级', 'skillLevel': '高级工', 'position': '唐颂教室', 'time': '04.01-04.05', 'study_time': 30.0, 'score': 97.0, 'advice': ' 根据《大唐集团1号文件》规定，该同志在集团公司2019年“安全员”培训项目中达到考核标准，企业可依据实际情况，在上岗时予以参考。', 'advice_time': '2019年4月15日'}
{'company': '新疆公司', 'companyName': '大唐呼图壁能源开发有限公司热电厂', 'departmentName': '设备部', 'job': '副主任', 'userName': '刘俊源', 'sex': '男', 'idCard': '65232419711261938', 'tech': '助工', 'skillLevel': '高级技师', 'position': '唐颂教室', 'time': '04.01-04.05', 'study_time': 30.0, 'score': 96.0, 'advice': ' 根据《大唐集团1号文件》规定，该同志在集团公司2019年“安全员”培训项目中达到考核标准，企业可依据实际情况，在上岗时予以参考。', 'advice_time': '2019年4月15日'}
{'company': '新疆公司', 'companyName': '大唐呼图壁能源开发有限公司热电厂', 'departmentName': '安全监察部', 'job': '安全主管', 'userName': '吴修红', 'sex': '男', 'idCard': '410926197305294814', 'tech': '工程师', 'skillLevel': '', 'position': '唐颂教室', 'time': '04.01-04.05', 'study_time': 30.0, 'score': 95.0, 'advice': ' 根据《大唐集团1号文件》规定，该同志在集团公司2019年“安全员”培训项目中达到考核标准，企业可依据实际情况，在上岗时予以参考。', 'advice_time': '2019年4月15日'}
{'company': '大唐环境产业集团', 'companyName': '大唐环境产业集团股份有限公司呼图壁项目部', 'departmentName': '呼图壁项目部', 'job': '安全主管', 'userName': '海志民', 'sex': '男', 'idCard': '652324198412121914', 'tech': '助理工程师', 'skillLevel': '高级工', 'position': '唐颂教室', 'time': '04.01-04.05', 'study_time': 30.0, 'score': 94.0, 'advice': ' 根据《大唐集团1号文件》规定，该同志在集团公司2019年“安全员”培训项目中达到考核标准，企业可依据实际情况，在上岗时予以参考。', 'advice_time': '2019年4月15日'}
{'company': '大唐环境特许经营分公司', 'companyName': '大唐环境产业集团股份有限公司托克托项目分公司', 'departmentName': '托克托项目分公司', 'job': '运行主管', 'userName': '高宽', 'sex': '男', 'idCard': '640382198610071313', 'tech': '', 'skillLevel': '高级工', 'position': '唐颂教室', 'time': '04.01-04.05', 'study_time': 30.0, 'score': 93.0, 'advice': ' 根据《大唐集团1号文件》规定，该同志在集团公司2019年“安全员”培训项目中达到考核标准，企业可依据实际情况，在上岗时予以参考。', 'advice_time': '2019年4月15日'}
{'company': '湖南分公司', 'companyName': '大唐华银攸县能源有限公司', 'departmentName': '设备部', 'job': '点检员', 'userName': '冯景', 'sex': '男', 'idCard': '430203198109041516', 'tech': '工程师', 'skillLevel': '', 'position': '唐颂教室', 'time': '04.01-04.05', 'study_time': 30.0, 'score': 92.0, 'advice': ' 根据《大唐集团1号文件》规定，该同志在集团公司2019年“安全员”培训项目中达到考核标准，企业可依据实际情况，在上岗时予以参考。', 'advice_time': '2019年4月15日'}
{'company': '湖南分公司', 'companyName': '大唐华银攸县能源有限公司', 'departmentName': '设备部', 'job': '维护员', 'userName': '贺志明', 'sex': '男', 'idCard': '430424198410266418', 'tech': '助理工程师', 'skillLevel': '', 'position': '唐颂教室', 'time': '04.01-04.05', 'study_time': 30.0, 'score': 91.0, 'advice': ' 根据《大唐集团1号文件》规定，该同志在集团公司2019年“安全员”培训项目中达到考核标准，企业可依据实际情况，在上岗时予以参考。', 'advice_time': '2019年4月15日'}
{'company': '苏宁', 'companyName': '苏宁2', 'departmentName': '前端开发', 'job': '工程师', 'userName': '闻磊', 'sex': '男', 'idCard': '130928199205206914', 'tech': '高级', 'skillLevel': '高级', 'position': '唐颂教室', 'time': '04.01-04.05', 'study_time': 30.0, 'score': 99.0, 'advice': ' 根据《大唐集团1号文件》规定，该同志在集团公司2019年“安全员”培训项目中达到考核标准，企业可依据实际情况，在上岗时予以参考。', 'advice_time': '2019年4月15日'}
{'company': '大唐', 'companyName': '南环', 'departmentName': '培训中心', 'job': '专员', 'userName': '康珺馨', 'sex': '女', 'idCard': '1212198918918291', 'tech': '中级', 'skillLevel': '中级', 'position': '唐颂教室', 'time': '04.01-04.05', 'study_time': 30.0, 'score': 98.0, 'advice': ' 根据《大唐集团1号文件》规定，该同志在集团公司2019年“安全员”培训项目中达到考核标准，企业可依据实际情况，在上岗时予以参考。', 'advice_time': '2019年4月15日'}
{'company': '新疆公司', 'companyName': '大唐新疆发电有限公司', 'departmentName': '安全生产部', 'job': '环保科技信息主管', 'userName': '钱为', 'sex': '男', 'idCard': '652301197903140811', 'tech': '中级', 'skillLevel': '高级工', 'position': '唐颂教室', 'time': '04.01-04.05', 'study_time': 30.0, 'score': 97.0, 'advice': ' 根据《大唐集团1号文件》规定，该同志在集团公司2019年“安全员”培训项目中达到考核标准，企业可依据实际情况，在上岗时予以参考。', 'advice_time': '2019年4月15日'}
{'company': '新疆公司', 'companyName': '大唐呼图壁能源开发有限公司热电厂', 'departmentName': '设备部', 'job': '副主任', 'userName': '刘俊源', 'sex': '男', 'idCard': '65232419711261938', 'tech': '助工', 'skillLevel': '高级技师', 'position': '唐颂教室', 'time': '04.01-04.05', 'study_time': 30.0, 'score': 96.0, 'advice': ' 根据《大唐集团1号文件》规定，该同志在集团公司2019年“安全员”培训项目中达到考核标准，企业可依据实际情况，在上岗时予以参考。', 'advice_time': '2019年4月15日'}
{'company': '新疆公司', 'companyName': '大唐呼图壁能源开发有限公司热电厂', 'departmentName': '安全监察部', 'job': '安全主管', 'userName': '吴修红', 'sex': '男', 'idCard': '410926197305294814', 'tech': '工程师', 'skillLevel': '', 'position': '唐颂教室', 'time': '04.01-04.05', 'study_time': 30.0, 'score': 95.0, 'advice': ' 根据《大唐集团1号文件》规定，该同志在集团公司2019年“安全员”培训项目中达到考核标准，企业可依据实际情况，在上岗时予以参考。', 'advice_time': '2019年4月15日'}
{'company': '大唐环境产业集团', 'companyName': '大唐环境产业集团股份有限公司呼图壁项目部', 'departmentName': '呼图壁项目部', 'job': '安全主管', 'userName': '海志民', 'sex': '男', 'idCard': '652324198412121914', 'tech': '助理工程师', 'skillLevel': '高级工', 'position': '唐颂教室', 'time': '04.01-04.05', 'study_time': 30.0, 'score': 94.0, 'advice': ' 根据《大唐集团1号文件》规定，该同志在集团公司2019年“安全员”培训项目中达到考核标准，企业可依据实际情况，在上岗时予以参考。', 'advice_time': '2019年4月15日'}
{'company': '大唐环境特许经营分公司', 'companyName': '大唐环境产业集团股份有限公司托克托项目分公司', 'departmentName': '托克托项目分公司', 'job': '运行主管', 'userName': '高宽', 'sex': '男', 'idCard': '640382198610071313', 'tech': '', 'skillLevel': '高级工', 'position': '唐颂教室', 'time': '04.01-04.05', 'study_time': 30.0, 'score': 93.0, 'advice': ' 根据《大唐集团1号文件》规定，该同志在集团公司2019年“安全员”培训项目中达到考核标准，企业可依据实际情况，在上岗时予以参考。', 'advice_time': '2019年4月15日'}
{'company': '湖南分公司', 'companyName': '大唐华银攸县能源有限公司', 'departmentName': '设备部', 'job': '点检员', 'userName': '冯景', 'sex': '男', 'idCard': '430203198109041516', 'tech': '工程师', 'skillLevel': '', 'position': '唐颂教室', 'time': '04.01-04.05', 'study_time': 30.0, 'score': 92.0, 'advice': ' 根据《大唐集团1号文件》规定，该同志在集团公司2019年“安全员”培训项目中达到考核标准，企业可依据实际情况，在上岗时予以参考。', 'advice_time': '2019年4月15日'}
{'company': '湖南分公司', 'companyName': '大唐华银攸县能源有限公司', 'departmentName': '设备部', 'job': '维护员', 'userName': '贺志明', 'sex': '男', 'idCard': '430424198410266418', 'tech': '助理工程师', 'skillLevel': '', 'position': '唐颂教室', 'time': '04.01-04.05', 'study_time': 30.0, 'score': 91.0, 'advice': ' 根据《大唐集团1号文件》规定，该同志在集团公司2019年“安全员”培训项目中达到考核标准，企业可依据实际情况，在上岗时予以参考。', 'advice_time': '2019年4月15日'}
{'company': '苏宁', 'companyName': '苏宁2', 'departmentName': '前端开发', 'job': '工程师', 'userName': '闻磊', 'sex': '男', 'idCard': '130928199205206914', 'tech': '高级', 'skillLevel': '高级', 'position': '唐颂教室', 'time': '04.01-04.05', 'study_time': 30.0, 'score': 99.0, 'advice': ' 根据《大唐集团1号文件》规定，该同志在集团公司2019年“安全员”培训项目中达到考核标准，企业可依据实际情况，在上岗时予以参考。', 'advice_time': '2019年4月15日'}
{'company': '大唐', 'companyName': '南环', 'departmentName': '培训中心', 'job': '专员', 'userName': '康珺馨', 'sex': '女', 'idCard': '1212198918918291', 'tech': '中级', 'skillLevel': '中级', 'position': '唐颂教室', 'time': '04.01-04.05', 'study_time': 30.0, 'score': 98.0, 'advice': ' 根据《大唐集团1号文件》规定，该同志在集团公司2019年“安全员”培训项目中达到考核标准，企业可依据实际情况，在上岗时予以参考。', 'advice_time': '2019年4月15日'}
{'company': '新疆公司', 'companyName': '大唐新疆发电有限公司', 'departmentName': '安全生产部', 'job': '环保科技信息主管', 'userName': '钱为', 'sex': '男', 'idCard': '652301197903140811', 'tech': '中级', 'skillLevel': '高级工', 'position': '唐颂教室', 'time': '04.01-04.05', 'study_time': 30.0, 'score': 97.0, 'advice': ' 根据《大唐集团1号文件》规定，该同志在集团公司2019年“安全员”培训项目中达到考核标准，企业可依据实际情况，在上岗时予以参考。', 'advice_time': '2019年4月15日'}
{'company': '新疆公司', 'companyName': '大唐呼图壁能源开发有限公司热电厂', 'departmentName': '设备部', 'job': '副主任', 'userName': '刘俊源', 'sex': '男', 'idCard': '65232419711261938', 'tech': '助工', 'skillLevel': '高级技师', 'position': '唐颂教室', 'time': '04.01-04.05', 'study_time': 30.0, 'score': 96.0, 'advice': ' 根据《大唐集团1号文件》规定，该同志在集团公司2019年“安全员”培训项目中达到考核标准，企业可依据实际情况，在上岗时予以参考。', 'advice_time': '2019年4月15日'}
{'company': '新疆公司', 'companyName': '大唐呼图壁能源开发有限公司热电厂', 'departmentName': '安全监察部', 'job': '安全主管', 'userName': '吴修红', 'sex': '男', 'idCard': '410926197305294814', 'tech': '工程师', 'skillLevel': '', 'position': '唐颂教室', 'time': '04.01-04.05', 'study_time': 30.0, 'score': 95.0, 'advice': ' 根据《大唐集团1号文件》规定，该同志在集团公司2019年“安全员”培训项目中达到考核标准，企业可依据实际情况，在上岗时予以参考。', 'advice_time': '2019年4月15日'}
{'company': '大唐环境产业集团', 'companyName': '大唐环境产业集团股份有限公司呼图壁项目部', 'departmentName': '呼图壁项目部', 'job': '安全主管', 'userName': '海志民', 'sex': '男', 'idCard': '652324198412121914', 'tech': '助理工程师', 'skillLevel': '高级工', 'position': '唐颂教室', 'time': '04.01-04.05', 'study_time': 30.0, 'score': 94.0, 'advice': ' 根据《大唐集团1号文件》规定，该同志在集团公司2019年“安全员”培训项目中达到考核标准，企业可依据实际情况，在上岗时予以参考。', 'advice_time': '2019年4月15日'}
{'company': '大唐环境特许经营分公司', 'companyName': '大唐环境产业集团股份有限公司托克托项目分公司', 'departmentName': '托克托项目分公司', 'job': '运行主管', 'userName': '高宽', 'sex': '男', 'idCard': '640382198610071313', 'tech': '', 'skillLevel': '高级工', 'position': '唐颂教室', 'time': '04.01-04.05', 'study_time': 30.0, 'score': 93.0, 'advice': ' 根据《大唐集团1号文件》规定，该同志在集团公司2019年“安全员”培训项目中达到考核标准，企业可依据实际情况，在上岗时予以参考。', 'advice_time': '2019年4月15日'}
{'company': '湖南分公司', 'companyName': '大唐华银攸县能源有限公司', 'departmentName': '设备部', 'job': '点检员', 'userName': '冯景', 'sex': '男', 'idCard': '430203198109041516', 'tech': '工程师', 'skillLevel': '', 'position': '唐颂教室', 'time': '04.01-04.05', 'study_time': 30.0, 'score': 92.0, 'advice': ' 根据《大唐集团1号文件》规定，该同志在集团公司2019年“安全员”培训项目中达到考核标准，企业可依据实际情况，在上岗时予以参考。', 'advice_time': '2019年4月15日'}
{'company': '湖南分公司', 'companyName': '大唐华银攸县能源有限公司', 'departmentName': '设备部', 'job': '维护员', 'userName': '贺志明', 'sex': '男', 'idCard': '430424198410266418', 'tech': '助理工程师', 'skillLevel': '', 'position': '唐颂教室', 'time': '04.01-04.05', 'study_time': 30.0, 'score': 91.0, 'advice': ' 根据《大唐集团1号文件》规定，该同志在集团公司2019年“安全员”培训项目中达到考核标准，企业可依据实际情况，在上岗时予以参考。', 'advice_time': '2019年4月15日'}
{'company': '苏宁', 'companyName': '苏宁2', 'departmentName': '前端开发', 'job': '工程师', 'userName': '闻磊', 'sex': '男', 'idCard': '130928199205206914', 'tech': '高级', 'skillLevel': '高级', 'position': '唐颂教室', 'time': '04.01-04.05', 'study_time': 30.0, 'score': 99.0, 'advice': ' 根据《大唐集团1号文件》规定，该同志在集团公司2019年“安全员”培训项目中达到考核标准，企业可依据实际情况，在上岗时予以参考。', 'advice_time': '2019年4月15日'}
{'company': '大唐', 'companyName': '南环', 'departmentName': '培训中心', 'job': '专员', 'userName': '康珺馨', 'sex': '女', 'idCard': '1212198918918291', 'tech': '中级', 'skillLevel': '中级', 'position': '唐颂教室', 'time': '04.01-04.05', 'study_time': 30.0, 'score': 98.0, 'advice': ' 根据《大唐集团1号文件》规定，该同志在集团公司2019年“安全员”培训项目中达到考核标准，企业可依据实际情况，在上岗时予以参考。', 'advice_time': '2019年4月15日'}
{'company': '新疆公司', 'companyName': '大唐新疆发电有限公司', 'departmentName': '安全生产部', 'job': '环保科技信息主管', 'userName': '钱为', 'sex': '男', 'idCard': '652301197903140811', 'tech': '中级', 'skillLevel': '高级工', 'position': '唐颂教室', 'time': '04.01-04.05', 'study_time': 30.0, 'score': 97.0, 'advice': ' 根据《大唐集团1号文件》规定，该同志在集团公司2019年“安全员”培训项目中达到考核标准，企业可依据实际情况，在上岗时予以参考。', 'advice_time': '2019年4月15日'}
{'company': '新疆公司', 'companyName': '大唐呼图壁能源开发有限公司热电厂', 'departmentName': '设备部', 'job': '副主任', 'userName': '刘俊源', 'sex': '男', 'idCard': '65232419711261938', 'tech': '助工', 'skillLevel': '高级技师', 'position': '唐颂教室', 'time': '04.01-04.05', 'study_time': 30.0, 'score': 96.0, 'advice': ' 根据《大唐集团1号文件》规定，该同志在集团公司2019年“安全员”培训项目中达到考核标准，企业可依据实际情况，在上岗时予以参考。', 'advice_time': '2019年4月15日'}
{'company': '新疆公司', 'companyName': '大唐呼图壁能源开发有限公司热电厂', 'departmentName': '安全监察部', 'job': '安全主管', 'userName': '吴修红', 'sex': '男', 'idCard': '410926197305294814', 'tech': '工程师', 'skillLevel': '', 'position': '唐颂教室', 'time': '04.01-04.05', 'study_time': 30.0, 'score': 95.0, 'advice': ' 根据《大唐集团1号文件》规定，该同志在集团公司2019年“安全员”培训项目中达到考核标准，企业可依据实际情况，在上岗时予以参考。', 'advice_time': '2019年4月15日'}
{'company': '大唐环境产业集团', 'companyName': '大唐环境产业集团股份有限公司呼图壁项目部', 'departmentName': '呼图壁项目部', 'job': '安全主管', 'userName': '海志民', 'sex': '男', 'idCard': '652324198412121914', 'tech': '助理工程师', 'skillLevel': '高级工', 'position': '唐颂教室', 'time': '04.01-04.05', 'study_time': 30.0, 'score': 94.0, 'advice': ' 根据《大唐集团1号文件》规定，该同志在集团公司2019年“安全员”培训项目中达到考核标准，企业可依据实际情况，在上岗时予以参考。', 'advice_time': '2019年4月15日'}
{'company': '大唐环境特许经营分公司', 'companyName': '大唐环境产业集团股份有限公司托克托项目分公司', 'departmentName': '托克托项目分公司', 'job': '运行主管', 'userName': '高宽', 'sex': '男', 'idCard': '640382198610071313', 'tech': '', 'skillLevel': '高级工', 'position': '唐颂教室', 'time': '04.01-04.05', 'study_time': 30.0, 'score': 93.0, 'advice': ' 根据《大唐集团1号文件》规定，该同志在集团公司2019年“安全员”培训项目中达到考核标准，企业可依据实际情况，在上岗时予以参考。', 'advice_time': '2019年4月15日'}
{'company': '湖南分公司', 'companyName': '大唐华银攸县能源有限公司', 'departmentName': '设备部', 'job': '点检员', 'userName': '冯景', 'sex': '男', 'idCard': '430203198109041516', 'tech': '工程师', 'skillLevel': '', 'position': '唐颂教室', 'time': '04.01-04.05', 'study_time': 30.0, 'score': 92.0, 'advice': ' 根据《大唐集团1号文件》规定，该同志在集团公司2019年“安全员”培训项目中达到考核标准，企业可依据实际情况，在上岗时予以参考。', 'advice_time': '2019年4月15日'}
{'company': '湖南分公司', 'companyName': '大唐华银攸县能源有限公司', 'departmentName': '设备部', 'job': '维护员', 'userName': '贺志明', 'sex': '男', 'idCard': '430424198410266418', 'tech': '助理工程师', 'skillLevel': '', 'position': '唐颂教室', 'time': '04.01-04.05', 'study_time': 30.0, 'score': 91.0, 'advice': ' 根据《大唐集团1号文件》规定，该同志在集团公司2019年“安全员”培训项目中达到考核标准，企业可依据实际情况，在上岗时予以参考。', 'advice_time': '2019年4月15日'}
{'company': '苏宁', 'companyName': '苏宁2', 'departmentName': '前端开发', 'job': '工程师', 'userName': '闻磊', 'sex': '男', 'idCard': '130928199205206914', 'tech': '高级', 'skillLevel': '高级', 'position': '唐颂教室', 'time': '04.01-04.05', 'study_time': 30.0, 'score': 99.0, 'advice': ' 根据《大唐集团1号文件》规定，该同志在集团公司2019年“安全员”培训项目中达到考核标准，企业可依据实际情况，在上岗时予以参考。', 'advice_time': '2019年4月15日'}
{'company': '大唐', 'companyName': '南环', 'departmentName': '培训中心', 'job': '专员', 'userName': '康珺馨', 'sex': '女', 'idCard': '1212198918918291', 'tech': '中级', 'skillLevel': '中级', 'position': '唐颂教室', 'time': '04.01-04.05', 'study_time': 30.0, 'score': 98.0, 'advice': ' 根据《大唐集团1号文件》规定，该同志在集团公司2019年“安全员”培训项目中达到考核标准，企业可依据实际情况，在上岗时予以参考。', 'advice_time': '2019年4月15日'}
{'company': '新疆公司', 'companyName': '大唐新疆发电有限公司', 'departmentName': '安全生产部', 'job': '环保科技信息主管', 'userName': '钱为', 'sex': '男', 'idCard': '652301197903140811', 'tech': '中级', 'skillLevel': '高级工', 'position': '唐颂教室', 'time': '04.01-04.05', 'study_time': 30.0, 'score': 97.0, 'advice': ' 根据《大唐集团1号文件》规定，该同志在集团公司2019年“安全员”培训项目中达到考核标准，企业可依据实际情况，在上岗时予以参考。', 'advice_time': '2019年4月15日'}
{'company': '新疆公司', 'companyName': '大唐呼图壁能源开发有限公司热电厂', 'departmentName': '设备部', 'job': '副主任', 'userName': '刘俊源', 'sex': '男', 'idCard': '65232419711261938', 'tech': '助工', 'skillLevel': '高级技师', 'position': '唐颂教室', 'time': '04.01-04.05', 'study_time': 30.0, 'score': 96.0, 'advice': ' 根据《大唐集团1号文件》规定，该同志在集团公司2019年“安全员”培训项目中达到考核标准，企业可依据实际情况，在上岗时予以参考。', 'advice_time': '2019年4月15日'}
{'company': '新疆公司', 'companyName': '大唐呼图壁能源开发有限公司热电厂', 'departmentName': '安全监察部', 'job': '安全主管', 'userName': '吴修红', 'sex': '男', 'idCard': '410926197305294814', 'tech': '工程师', 'skillLevel': '', 'position': '唐颂教室', 'time': '04.01-04.05', 'study_time': 30.0, 'score': 95.0, 'advice': ' 根据《大唐集团1号文件》规定，该同志在集团公司2019年“安全员”培训项目中达到考核标准，企业可依据实际情况，在上岗时予以参考。', 'advice_time': '2019年4月15日'}
{'company': '大唐环境产业集团', 'companyName': '大唐环境产业集团股份有限公司呼图壁项目部', 'departmentName': '呼图壁项目部', 'job': '安全主管', 'userName': '海志民', 'sex': '男', 'idCard': '652324198412121914', 'tech': '助理工程师', 'skillLevel': '高级工', 'position': '唐颂教室', 'time': '04.01-04.05', 'study_time': 30.0, 'score': 94.0, 'advice': ' 根据《大唐集团1号文件》规定，该同志在集团公司2019年“安全员”培训项目中达到考核标准，企业可依据实际情况，在上岗时予以参考。', 'advice_time': '2019年4月15日'}
{'company': '大唐环境特许经营分公司', 'companyName': '大唐环境产业集团股份有限公司托克托项目分公司', 'departmentName': '托克托项目分公司', 'job': '运行主管', 'userName': '高宽', 'sex': '男', 'idCard': '640382198610071313', 'tech': '', 'skillLevel': '高级工', 'position': '唐颂教室', 'time': '04.01-04.05', 'study_time': 30.0, 'score': 93.0, 'advice': ' 根据《大唐集团1号文件》规定，该同志在集团公司2019年“安全员”培训项目中达到考核标准，企业可依据实际情况，在上岗时予以参考。', 'advice_time': '2019年4月15日'}
{'company': '湖南分公司', 'companyName': '大唐华银攸县能源有限公司', 'departmentName': '设备部', 'job': '点检员', 'userName': '冯景', 'sex': '男', 'idCard': '430203198109041516', 'tech': '工程师', 'skillLevel': '', 'position': '唐颂教室', 'time': '04.01-04.05', 'study_time': 30.0, 'score': 92.0, 'advice': ' 根据《大唐集团1号文件》规定，该同志在集团公司2019年“安全员”培训项目中达到考核标准，企业可依据实际情况，在上岗时予以参考。', 'advice_time': '2019年4月15日'}
{'company': '湖南分公司', 'companyName': '大唐华银攸县能源有限公司', 'departmentName': '设备部', 'job': '维护员', 'userName': '贺志明', 'sex': '男', 'idCard': '430424198410266418', 'tech': '助理工程师', 'skillLevel': '', 'position': '唐颂教室', 'time': '04.01-04.05', 'study_time': 30.0, 'score': 91.0, 'advice': ' 根据《大唐集团1号文件》规定，该同志在集团公司2019年“安全员”培训项目中达到考核标准，企业可依据实际情况，在上岗时予以参考。', 'advice_time': '2019年4月15日'}
{'company': '苏宁', 'companyName': '苏宁2', 'departmentName': '前端开发', 'job': '工程师', 'userName': '闻磊', 'sex': '男', 'idCard': '130928199205206914', 'tech': '高级', 'skillLevel': '高级', 'position': '唐颂教室', 'time': '04.01-04.05', 'study_time': 30.0, 'score': 99.0, 'advice': ' 根据《大唐集团1号文件》规定，该同志在集团公司2019年“安全员”培训项目中达到考核标准，企业可依据实际情况，在上岗时予以参考。', 'advice_time': '2019年4月15日'}
{'company': '大唐', 'companyName': '南环', 'departmentName': '培训中心', 'job': '专员', 'userName': '康珺馨', 'sex': '女', 'idCard': '1212198918918291', 'tech': '中级', 'skillLevel': '中级', 'position': '唐颂教室', 'time': '04.01-04.05', 'study_time': 30.0, 'score': 98.0, 'advice': ' 根据《大唐集团1号文件》规定，该同志在集团公司2019年“安全员”培训项目中达到考核标准，企业可依据实际情况，在上岗时予以参考。', 'advice_time': '2019年4月15日'}
{'company': '新疆公司', 'companyName': '大唐新疆发电有限公司', 'departmentName': '安全生产部', 'job': '环保科技信息主管', 'userName': '钱为', 'sex': '男', 'idCard': '652301197903140811', 'tech': '中级', 'skillLevel': '高级工', 'position': '唐颂教室', 'time': '04.01-04.05', 'study_time': 30.0, 'score': 97.0, 'advice': ' 根据《大唐集团1号文件》规定，该同志在集团公司2019年“安全员”培训项目中达到考核标准，企业可依据实际情况，在上岗时予以参考。', 'advice_time': '2019年4月15日'}
{'company': '新疆公司', 'companyName': '大唐呼图壁能源开发有限公司热电厂', 'departmentName': '设备部', 'job': '副主任', 'userName': '刘俊源', 'sex': '男', 'idCard': '65232419711261938', 'tech': '助工', 'skillLevel': '高级技师', 'position': '唐颂教室', 'time': '04.01-04.05', 'study_time': 30.0, 'score': 96.0, 'advice': ' 根据《大唐集团1号文件》规定，该同志在集团公司2019年“安全员”培训项目中达到考核标准，企业可依据实际情况，在上岗时予以参考。', 'advice_time': '2019年4月15日'}
{'company': '新疆公司', 'companyName': '大唐呼图壁能源开发有限公司热电厂', 'departmentName': '安全监察部', 'job': '安全主管', 'userName': '吴修红', 'sex': '男', 'idCard': '410926197305294814', 'tech': '工程师', 'skillLevel': '', 'position': '唐颂教室', 'time': '04.01-04.05', 'study_time': 30.0, 'score': 95.0, 'advice': ' 根据《大唐集团1号文件》规定，该同志在集团公司2019年“安全员”培训项目中达到考核标准，企业可依据实际情况，在上岗时予以参考。', 'advice_time': '2019年4月15日'}
{'company': '大唐环境产业集团', 'companyName': '大唐环境产业集团股份有限公司呼图壁项目部', 'departmentName': '呼图壁项目部', 'job': '安全主管', 'userName': '海志民', 'sex': '男', 'idCard': '652324198412121914', 'tech': '助理工程师', 'skillLevel': '高级工', 'position': '唐颂教室', 'time': '04.01-04.05', 'study_time': 30.0, 'score': 94.0, 'advice': ' 根据《大唐集团1号文件》规定，该同志在集团公司2019年“安全员”培训项目中达到考核标准，企业可依据实际情况，在上岗时予以参考。', 'advice_time': '2019年4月15日'}
{'company': '大唐环境特许经营分公司', 'companyName': '大唐环境产业集团股份有限公司托克托项目分公司', 'departmentName': '托克托项目分公司', 'job': '运行主管', 'userName': '高宽', 'sex': '男', 'idCard': '640382198610071313', 'tech': '', 'skillLevel': '高级工', 'position': '唐颂教室', 'time': '04.01-04.05', 'study_time': 30.0, 'score': 93.0, 'advice': ' 根据《大唐集团1号文件》规定，该同志在集团公司2019年“安全员”培训项目中达到考核标准，企业可依据实际情况，在上岗时予以参考。', 'advice_time': '2019年4月15日'}
{'company': '湖南分公司', 'companyName': '大唐华银攸县能源有限公司', 'departmentName': '设备部', 'job': '点检员', 'userName': '冯景', 'sex': '男', 'idCard': '430203198109041516', 'tech': '工程师', 'skillLevel': '', 'position': '唐颂教室', 'time': '04.01-04.05', 'study_time': 30.0, 'score': 92.0, 'advice': ' 根据《大唐集团1号文件》规定，该同志在集团公司2019年“安全员”培训项目中达到考核标准，企业可依据实际情况，在上岗时予以参考。', 'advice_time': '2019年4月15日'}
{'company': '湖南分公司', 'companyName': '大唐华银攸县能源有限公司', 'departmentName': '设备部', 'job': '维护员', 'userName': '贺志明', 'sex': '男', 'idCard': '430424198410266418', 'tech': '助理工程师', 'skillLevel': '', 'position': '唐颂教室', 'time': '04.01-04.05', 'study_time': 30.0, 'score': 91.0, 'advice': ' 根据《大唐集团1号文件》规定，该同志在集团公司2019年“安全员”培训项目中达到考核标准，企业可依据实际情况，在上岗时予以参考。', 'advice_time': '2019年4月15日'}
{'company': '苏宁', 'companyName': '苏宁2', 'departmentName': '前端开发', 'job': '工程师', 'userName': '闻磊', 'sex': '男', 'idCard': '130928199205206914', 'tech': '高级', 'skillLevel': '高级', 'position': '唐颂教室', 'time': '04.01-04.05', 'study_time': 30.0, 'score': 99.0, 'advice': ' 根据《大唐集团1号文件》规定，该同志在集团公司2019年“安全员”培训项目中达到考核标准，企业可依据实际情况，在上岗时予以参考。', 'advice_time': '2019年4月15日'}
{'company': '大唐', 'companyName': '南环', 'departmentName': '培训中心', 'job': '专员', 'userName': '康珺馨', 'sex': '女', 'idCard': '1212198918918291', 'tech': '中级', 'skillLevel': '中级', 'position': '唐颂教室', 'time': '04.01-04.05', 'study_time': 30.0, 'score': 98.0, 'advice': ' 根据《大唐集团1号文件》规定，该同志在集团公司2019年“安全员”培训项目中达到考核标准，企业可依据实际情况，在上岗时予以参考。', 'advice_time': '2019年4月15日'}
{'company': '新疆公司', 'companyName': '大唐新疆发电有限公司', 'departmentName': '安全生产部', 'job': '环保科技信息主管', 'userName': '钱为', 'sex': '男', 'idCard': '652301197903140811', 'tech': '中级', 'skillLevel': '高级工', 'position': '唐颂教室', 'time': '04.01-04.05', 'study_time': 30.0, 'score': 97.0, 'advice': ' 根据《大唐集团1号文件》规定，该同志在集团公司2019年“安全员”培训项目中达到考核标准，企业可依据实际情况，在上岗时予以参考。', 'advice_time': '2019年4月15日'}
{'company': '新疆公司', 'companyName': '大唐呼图壁能源开发有限公司热电厂', 'departmentName': '设备部', 'job': '副主任', 'userName': '刘俊源', 'sex': '男', 'idCard': '65232419711261938', 'tech': '助工', 'skillLevel': '高级技师', 'position': '唐颂教室', 'time': '04.01-04.05', 'study_time': 30.0, 'score': 96.0, 'advice': ' 根据《大唐集团1号文件》规定，该同志在集团公司2019年“安全员”培训项目中达到考核标准，企业可依据实际情况，在上岗时予以参考。', 'advice_time': '2019年4月15日'}
{'company': '新疆公司', 'companyName': '大唐呼图壁能源开发有限公司热电厂', 'departmentName': '安全监察部', 'job': '安全主管', 'userName': '吴修红', 'sex': '男', 'idCard': '410926197305294814', 'tech': '工程师', 'skillLevel': '', 'position': '唐颂教室', 'time': '04.01-04.05', 'study_time': 30.0, 'score': 95.0, 'advice': ' 根据《大唐集团1号文件》规定，该同志在集团公司2019年“安全员”培训项目中达到考核标准，企业可依据实际情况，在上岗时予以参考。', 'advice_time': '2019年4月15日'}
{'company': '大唐环境产业集团', 'companyName': '大唐环境产业集团股份有限公司呼图壁项目部', 'departmentName': '呼图壁项目部', 'job': '安全主管', 'userName': '海志民', 'sex': '男', 'idCard': '652324198412121914', 'tech': '助理工程师', 'skillLevel': '高级工', 'position': '唐颂教室', 'time': '04.01-04.05', 'study_time': 30.0, 'score': 94.0, 'advice': ' 根据《大唐集团1号文件》规定，该同志在集团公司2019年“安全员”培训项目中达到考核标准，企业可依据实际情况，在上岗时予以参考。', 'advice_time': '2019年4月15日'}
{'company': '大唐环境特许经营分公司', 'companyName': '大唐环境产业集团股份有限公司托克托项目分公司', 'departmentName': '托克托项目分公司', 'job': '运行主管', 'userName': '高宽', 'sex': '男', 'idCard': '640382198610071313', 'tech': '', 'skillLevel': '高级工', 'position': '唐颂教室', 'time': '04.01-04.05', 'study_time': 30.0, 'score': 93.0, 'advice': ' 根据《大唐集团1号文件》规定，该同志在集团公司2019年“安全员”培训项目中达到考核标准，企业可依据实际情况，在上岗时予以参考。', 'advice_time': '2019年4月15日'}
{'company': '湖南分公司', 'companyName': '大唐华银攸县能源有限公司', 'departmentName': '设备部', 'job': '点检员', 'userName': '冯景', 'sex': '男', 'idCard': '430203198109041516', 'tech': '工程师', 'skillLevel': '', 'position': '唐颂教室', 'time': '04.01-04.05', 'study_time': 30.0, 'score': 92.0, 'advice': ' 根据《大唐集团1号文件》规定，该同志在集团公司2019年“安全员”培训项目中达到考核标准，企业可依据实际情况，在上岗时予以参考。', 'advice_time': '2019年4月15日'}
{'company': '湖南分公司', 'companyName': '大唐华银攸县能源有限公司', 'departmentName': '设备部', 'job': '维护员', 'userName': '贺志明', 'sex': '男', 'idCard': '430424198410266418', 'tech': '助理工程师', 'skillLevel': '', 'position': '唐颂教室', 'time': '04.01-04.05', 'study_time': 30.0, 'score': 91.0, 'advice': ' 根据《大唐集团1号文件》规定，该同志在集团公司2019年“安全员”培训项目中达到考核标准，企业可依据实际情况，在上岗时予以参考。', 'advice_time': '2019年4月15日'}
{'company': '苏宁', 'companyName': '苏宁2', 'departmentName': '前端开发', 'job': '工程师', 'userName': '闻磊', 'sex': '男', 'idCard': '130928199205206914', 'tech': '高级', 'skillLevel': '高级', 'position': '唐颂教室', 'time': '04.01-04.05', 'study_time': 30.0, 'score': 99.0, 'advice': ' 根据《大唐集团1号文件》规定，该同志在集团公司2019年“安全员”培训项目中达到考核标准，企业可依据实际情况，在上岗时予以参考。', 'advice_time': '2019年4月15日'}
{'company': '大唐', 'companyName': '南环', 'departmentName': '培训中心', 'job': '专员', 'userName': '康珺馨', 'sex': '女', 'idCard': '1212198918918291', 'tech': '中级', 'skillLevel': '中级', 'position': '唐颂教室', 'time': '04.01-04.05', 'study_time': 30.0, 'score': 98.0, 'advice': ' 根据《大唐集团1号文件》规定，该同志在集团公司2019年“安全员”培训项目中达到考核标准，企业可依据实际情况，在上岗时予以参考。', 'advice_time': '2019年4月15日'}
{'company': '新疆公司', 'companyName': '大唐新疆发电有限公司', 'departmentName': '安全生产部', 'job': '环保科技信息主管', 'userName': '钱为', 'sex': '男', 'idCard': '652301197903140811', 'tech': '中级', 'skillLevel': '高级工', 'position': '唐颂教室', 'time': '04.01-04.05', 'study_time': 30.0, 'score': 97.0, 'advice': ' 根据《大唐集团1号文件》规定，该同志在集团公司2019年“安全员”培训项目中达到考核标准，企业可依据实际情况，在上岗时予以参考。', 'advice_time': '2019年4月15日'}
{'company': '新疆公司', 'companyName': '大唐呼图壁能源开发有限公司热电厂', 'departmentName': '设备部', 'job': '副主任', 'userName': '刘俊源', 'sex': '男', 'idCard': '65232419711261938', 'tech': '助工', 'skillLevel': '高级技师', 'position': '唐颂教室', 'time': '04.01-04.05', 'study_time': 30.0, 'score': 96.0, 'advice': ' 根据《大唐集团1号文件》规定，该同志在集团公司2019年“安全员”培训项目中达到考核标准，企业可依据实际情况，在上岗时予以参考。', 'advice_time': '2019年4月15日'}
{'company': '新疆公司', 'companyName': '大唐呼图壁能源开发有限公司热电厂', 'departmentName': '安全监察部', 'job': '安全主管', 'userName': '吴修红', 'sex': '男', 'idCard': '410926197305294814', 'tech': '工程师', 'skillLevel': '', 'position': '唐颂教室', 'time': '04.01-04.05', 'study_time': 30.0, 'score': 95.0, 'advice': ' 根据《大唐集团1号文件》规定，该同志在集团公司2019年“安全员”培训项目中达到考核标准，企业可依据实际情况，在上岗时予以参考。', 'advice_time': '2019年4月15日'}
{'company': '大唐环境产业集团', 'companyName': '大唐环境产业集团股份有限公司呼图壁项目部', 'departmentName': '呼图壁项目部', 'job': '安全主管', 'userName': '海志民', 'sex': '男', 'idCard': '652324198412121914', 'tech': '助理工程师', 'skillLevel': '高级工', 'position': '唐颂教室', 'time': '04.01-04.05', 'study_time': 30.0, 'score': 94.0, 'advice': ' 根据《大唐集团1号文件》规定，该同志在集团公司2019年“安全员”培训项目中达到考核标准，企业可依据实际情况，在上岗时予以参考。', 'advice_time': '2019年4月15日'}
{'company': '大唐环境特许经营分公司', 'companyName': '大唐环境产业集团股份有限公司托克托项目分公司', 'departmentName': '托克托项目分公司', 'job': '运行主管', 'userName': '高宽', 'sex': '男', 'idCard': '640382198610071313', 'tech': '', 'skillLevel': '高级工', 'position': '唐颂教室', 'time': '04.01-04.05', 'study_time': 30.0, 'score': 93.0, 'advice': ' 根据《大唐集团1号文件》规定，该同志在集团公司2019年“安全员”培训项目中达到考核标准，企业可依据实际情况，在上岗时予以参考。', 'advice_time': '2019年4月15日'}
{'company': '湖南分公司', 'companyName': '大唐华银攸县能源有限公司', 'departmentName': '设备部', 'job': '点检员', 'userName': '冯景', 'sex': '男', 'idCard': '430203198109041516', 'tech': '工程师', 'skillLevel': '', 'position': '唐颂教室', 'time': '04.01-04.05', 'study_time': 30.0, 'score': 92.0, 'advice': ' 根据《大唐集团1号文件》规定，该同志在集团公司2019年“安全员”培训项目中达到考核标准，企业可依据实际情况，在上岗时予以参考。', 'advice_time': '2019年4月15日'}
{'company': '湖南分公司', 'companyName': '大唐华银攸县能源有限公司', 'departmentName': '设备部', 'job': '维护员', 'userName': '贺志明', 'sex': '男', 'idCard': '430424198410266418', 'tech': '助理工程师', 'skillLevel': '', 'position': '唐颂教室', 'time': '04.01-04.05', 'study_time': 30.0, 'score': 91.0, 'advice': ' 根据《大唐集团1号文件》规定，该同志在集团公司2019年“安全员”培训项目中达到考核标准，企业可依据实际情况，在上岗时予以参考。', 'advice_time': '2019年4月15日'}
{'company': '苏宁', 'companyName': '苏宁2', 'departmentName': '前端开发', 'job': '工程师', 'userName': '闻磊', 'sex': '男', 'idCard': '130928199205206914', 'tech': '高级', 'skillLevel': '高级', 'position': '唐颂教室', 'time': '04.01-04.05', 'study_time': 30.0, 'score': 99.0, 'advice': ' 根据《大唐集团1号文件》规定，该同志在集团公司2019年“安全员”培训项目中达到考核标准，企业可依据实际情况，在上岗时予以参考。', 'advice_time': '2019年4月15日'}
{'company': '大唐', 'companyName': '南环', 'departmentName': '培训中心', 'job': '专员', 'userName': '康珺馨', 'sex': '女', 'idCard': '1212198918918291', 'tech': '中级', 'skillLevel': '中级', 'position': '唐颂教室', 'time': '04.01-04.05', 'study_time': 30.0, 'score': 98.0, 'advice': ' 根据《大唐集团1号文件》规定，该同志在集团公司2019年“安全员”培训项目中达到考核标准，企业可依据实际情况，在上岗时予以参考。', 'advice_time': '2019年4月15日'}
{'company': '新疆公司', 'companyName': '大唐新疆发电有限公司', 'departmentName': '安全生产部', 'job': '环保科技信息主管', 'userName': '钱为', 'sex': '男', 'idCard': '652301197903140811', 'tech': '中级', 'skillLevel': '高级工', 'position': '唐颂教室', 'time': '04.01-04.05', 'study_time': 30.0, 'score': 97.0, 'advice': ' 根据《大唐集团1号文件》规定，该同志在集团公司2019年“安全员”培训项目中达到考核标准，企业可依据实际情况，在上岗时予以参考。', 'advice_time': '2019年4月15日'}
{'company': '新疆公司', 'companyName': '大唐呼图壁能源开发有限公司热电厂', 'departmentName': '设备部', 'job': '副主任', 'userName': '刘俊源', 'sex': '男', 'idCard': '65232419711261938', 'tech': '助工', 'skillLevel': '高级技师', 'position': '唐颂教室', 'time': '04.01-04.05', 'study_time': 30.0, 'score': 96.0, 'advice': ' 根据《大唐集团1号文件》规定，该同志在集团公司2019年“安全员”培训项目中达到考核标准，企业可依据实际情况，在上岗时予以参考。', 'advice_time': '2019年4月15日'}
{'company': '新疆公司', 'companyName': '大唐呼图壁能源开发有限公司热电厂', 'departmentName': '安全监察部', 'job': '安全主管', 'userName': '吴修红', 'sex': '男', 'idCard': '410926197305294814', 'tech': '工程师', 'skillLevel': '', 'position': '唐颂教室', 'time': '04.01-04.05', 'study_time': 30.0, 'score': 95.0, 'advice': ' 根据《大唐集团1号文件》规定，该同志在集团公司2019年“安全员”培训项目中达到考核标准，企业可依据实际情况，在上岗时予以参考。', 'advice_time': '2019年4月15日'}
{'company': '大唐环境产业集团', 'companyName': '大唐环境产业集团股份有限公司呼图壁项目部', 'departmentName': '呼图壁项目部', 'job': '安全主管', 'userName': '海志民', 'sex': '男', 'idCard': '652324198412121914', 'tech': '助理工程师', 'skillLevel': '高级工', 'position': '唐颂教室', 'time': '04.01-04.05', 'study_time': 30.0, 'score': 94.0, 'advice': ' 根据《大唐集团1号文件》规定，该同志在集团公司2019年“安全员”培训项目中达到考核标准，企业可依据实际情况，在上岗时予以参考。', 'advice_time': '2019年4月15日'}
{'company': '大唐环境特许经营分公司', 'companyName': '大唐环境产业集团股份有限公司托克托项目分公司', 'departmentName': '托克托项目分公司', 'job': '运行主管', 'userName': '高宽', 'sex': '男', 'idCard': '640382198610071313', 'tech': '', 'skillLevel': '高级工', 'position': '唐颂教室', 'time': '04.01-04.05', 'study_time': 30.0, 'score': 93.0, 'advice': ' 根据《大唐集团1号文件》规定，该同志在集团公司2019年“安全员”培训项目中达到考核标准，企业可依据实际情况，在上岗时予以参考。', 'advice_time': '2019年4月15日'}
{'company': '湖南分公司', 'companyName': '大唐华银攸县能源有限公司', 'departmentName': '设备部', 'job': '点检员', 'userName': '冯景', 'sex': '男', 'idCard': '430203198109041516', 'tech': '工程师', 'skillLevel': '', 'position': '唐颂教室', 'time': '04.01-04.05', 'study_time': 30.0, 'score': 92.0, 'advice': ' 根据《大唐集团1号文件》规定，该同志在集团公司2019年“安全员”培训项目中达到考核标准，企业可依据实际情况，在上岗时予以参考。', 'advice_time': '2019年4月15日'}
{'company': '湖南分公司', 'companyName': '大唐华银攸县能源有限公司', 'departmentName': '设备部', 'job': '维护员', 'userName': '贺志明', 'sex': '男', 'idCard': '430424198410266418', 'tech': '助理工程师', 'skillLevel': '', 'position': '唐颂教室', 'time': '04.01-04.05', 'study_time': 30.0, 'score': 91.0, 'advice': ' 根据《大唐集团1号文件》规定，该同志在集团公司2019年“安全员”培训项目中达到考核标准，企业可依据实际情况，在上岗时予以参考。', 'advice_time': '2019年4月15日'}
{'company': '苏宁', 'companyName': '苏宁2', 'departmentName': '前端开发', 'job': '工程师', 'userName': '闻磊', 'sex': '男', 'idCard': '130928199205206914', 'tech': '高级', 'skillLevel': '高级', 'position': '唐颂教室', 'time': '04.01-04.05', 'study_time': 30.0, 'score': 99.0, 'advice': ' 根据《大唐集团1号文件》规定，该同志在集团公司2019年“安全员”培训项目中达到考核标准，企业可依据实际情况，在上岗时予以参考。', 'advice_time': '2019年4月15日'}
{'company': '大唐', 'companyName': '南环', 'departmentName': '培训中心', 'job': '专员', 'userName': '康珺馨', 'sex': '女', 'idCard': '1212198918918291', 'tech': '中级', 'skillLevel': '中级', 'position': '唐颂教室', 'time': '04.01-04.05', 'study_time': 30.0, 'score': 98.0, 'advice': ' 根据《大唐集团1号文件》规定，该同志在集团公司2019年“安全员”培训项目中达到考核标准，企业可依据实际情况，在上岗时予以参考。', 'advice_time': '2019年4月15日'}
{'company': '新疆公司', 'companyName': '大唐新疆发电有限公司', 'departmentName': '安全生产部', 'job': '环保科技信息主管', 'userName': '钱为', 'sex': '男', 'idCard': '652301197903140811', 'tech': '中级', 'skillLevel': '高级工', 'position': '唐颂教室', 'time': '04.01-04.05', 'study_time': 30.0, 'score': 97.0, 'advice': ' 根据《大唐集团1号文件》规定，该同志在集团公司2019年“安全员”培训项目中达到考核标准，企业可依据实际情况，在上岗时予以参考。', 'advice_time': '2019年4月15日'}
{'company': '新疆公司', 'companyName': '大唐呼图壁能源开发有限公司热电厂', 'departmentName': '设备部', 'job': '副主任', 'userName': '刘俊源', 'sex': '男', 'idCard': '65232419711261938', 'tech': '助工', 'skillLevel': '高级技师', 'position': '唐颂教室', 'time': '04.01-04.05', 'study_time': 30.0, 'score': 96.0, 'advice': ' 根据《大唐集团1号文件》规定，该同志在集团公司2019年“安全员”培训项目中达到考核标准，企业可依据实际情况，在上岗时予以参考。', 'advice_time': '2019年4月15日'}
{'company': '新疆公司', 'companyName': '大唐呼图壁能源开发有限公司热电厂', 'departmentName': '安全监察部', 'job': '安全主管', 'userName': '吴修红', 'sex': '男', 'idCard': '410926197305294814', 'tech': '工程师', 'skillLevel': '', 'position': '唐颂教室', 'time': '04.01-04.05', 'study_time': 30.0, 'score': 95.0, 'advice': ' 根据《大唐集团1号文件》规定，该同志在集团公司2019年“安全员”培训项目中达到考核标准，企业可依据实际情况，在上岗时予以参考。', 'advice_time': '2019年4月15日'}
{'company': '大唐环境产业集团', 'companyName': '大唐环境产业集团股份有限公司呼图壁项目部', 'departmentName': '呼图壁项目部', 'job': '安全主管', 'userName': '海志民', 'sex': '男', 'idCard': '652324198412121914', 'tech': '助理工程师', 'skillLevel': '高级工', 'position': '唐颂教室', 'time': '04.01-04.05', 'study_time': 30.0, 'score': 94.0, 'advice': ' 根据《大唐集团1号文件》规定，该同志在集团公司2019年“安全员”培训项目中达到考核标准，企业可依据实际情况，在上岗时予以参考。', 'advice_time': '2019年4月15日'}
{'company': '大唐环境特许经营分公司', 'companyName': '大唐环境产业集团股份有限公司托克托项目分公司', 'departmentName': '托克托项目分公司', 'job': '运行主管', 'userName': '高宽', 'sex': '男', 'idCard': '640382198610071313', 'tech': '', 'skillLevel': '高级工', 'position': '唐颂教室', 'time': '04.01-04.05', 'study_time': 30.0, 'score': 93.0, 'advice': ' 根据《大唐集团1号文件》规定，该同志在集团公司2019年“安全员”培训项目中达到考核标准，企业可依据实际情况，在上岗时予以参考。', 'advice_time': '2019年4月15日'}
{'company': '湖南分公司', 'companyName': '大唐华银攸县能源有限公司', 'departmentName': '设备部', 'job': '点检员', 'userName': '冯景', 'sex': '男', 'idCard': '430203198109041516', 'tech': '工程师', 'skillLevel': '', 'position': '唐颂教室', 'time': '04.01-04.05', 'study_time': 30.0, 'score': 92.0, 'advice': ' 根据《大唐集团1号文件》规定，该同志在集团公司2019年“安全员”培训项目中达到考核标准，企业可依据实际情况，在上岗时予以参考。', 'advice_time': '2019年4月15日'}
{'company': '湖南分公司', 'companyName': '大唐华银攸县能源有限公司', 'departmentName': '设备部', 'job': '维护员', 'userName': '贺志明', 'sex': '男', 'idCard': '430424198410266418', 'tech': '助理工程师', 'skillLevel': '', 'position': '唐颂教室', 'time': '04.01-04.05', 'study_time': 30.0, 'score': 91.0, 'advice': ' 根据《大唐集团1号文件》规定，该同志在集团公司2019年“安全员”培训项目中达到考核标准，企业可依据实际情况，在上岗时予以参考。', 'advice_time': '2019年4月15日'}
{'company': '苏宁', 'companyName': '苏宁2', 'departmentName': '前端开发', 'job': '工程师', 'userName': '闻磊', 'sex': '男', 'idCard': '130928199205206914', 'tech': '高级', 'skillLevel': '高级', 'position': '唐颂教室', 'time': '04.01-04.05', 'study_time': 30.0, 'score': 99.0, 'advice': ' 根据《大唐集团1号文件》规定，该同志在集团公司2019年“安全员”培训项目中达到考核标准，企业可依据实际情况，在上岗时予以参考。', 'advice_time': '2019年4月15日'}
{'company': '大唐', 'companyName': '南环', 'departmentName': '培训中心', 'job': '专员', 'userName': '康珺馨', 'sex': '女', 'idCard': '1212198918918291', 'tech': '中级', 'skillLevel': '中级', 'position': '唐颂教室', 'time': '04.01-04.05', 'study_time': 30.0, 'score': 98.0, 'advice': ' 根据《大唐集团1号文件》规定，该同志在集团公司2019年“安全员”培训项目中达到考核标准，企业可依据实际情况，在上岗时予以参考。', 'advice_time': '2019年4月15日'}
{'company': '新疆公司', 'companyName': '大唐新疆发电有限公司', 'departmentName': '安全生产部', 'job': '环保科技信息主管', 'userName': '钱为', 'sex': '男', 'idCard': '652301197903140811', 'tech': '中级', 'skillLevel': '高级工', 'position': '唐颂教室', 'time': '04.01-04.05', 'study_time': 30.0, 'score': 97.0, 'advice': ' 根据《大唐集团1号文件》规定，该同志在集团公司2019年“安全员”培训项目中达到考核标准，企业可依据实际情况，在上岗时予以参考。', 'advice_time': '2019年4月15日'}
{'company': '新疆公司', 'companyName': '大唐呼图壁能源开发有限公司热电厂', 'departmentName': '设备部', 'job': '副主任', 'userName': '刘俊源', 'sex': '男', 'idCard': '65232419711261938', 'tech': '助工', 'skillLevel': '高级技师', 'position': '唐颂教室', 'time': '04.01-04.05', 'study_time': 30.0, 'score': 96.0, 'advice': ' 根据《大唐集团1号文件》规定，该同志在集团公司2019年“安全员”培训项目中达到考核标准，企业可依据实际情况，在上岗时予以参考。', 'advice_time': '2019年4月15日'}
{'company': '新疆公司', 'companyName': '大唐呼图壁能源开发有限公司热电厂', 'departmentName': '安全监察部', 'job': '安全主管', 'userName': '吴修红', 'sex': '男', 'idCard': '410926197305294814', 'tech': '工程师', 'skillLevel': '', 'position': '唐颂教室', 'time': '04.01-04.05', 'study_time': 30.0, 'score': 95.0, 'advice': ' 根据《大唐集团1号文件》规定，该同志在集团公司2019年“安全员”培训项目中达到考核标准，企业可依据实际情况，在上岗时予以参考。', 'advice_time': '2019年4月15日'}
{'company': '大唐环境产业集团', 'companyName': '大唐环境产业集团股份有限公司呼图壁项目部', 'departmentName': '呼图壁项目部', 'job': '安全主管', 'userName': '海志民', 'sex': '男', 'idCard': '652324198412121914', 'tech': '助理工程师', 'skillLevel': '高级工', 'position': '唐颂教室', 'time': '04.01-04.05', 'study_time': 30.0, 'score': 94.0, 'advice': ' 根据《大唐集团1号文件》规定，该同志在集团公司2019年“安全员”培训项目中达到考核标准，企业可依据实际情况，在上岗时予以参考。', 'advice_time': '2019年4月15日'}
{'company': '大唐环境特许经营分公司', 'companyName': '大唐环境产业集团股份有限公司托克托项目分公司', 'departmentName': '托克托项目分公司', 'job': '运行主管', 'userName': '高宽', 'sex': '男', 'idCard': '640382198610071313', 'tech': '', 'skillLevel': '高级工', 'position': '唐颂教室', 'time': '04.01-04.05', 'study_time': 30.0, 'score': 93.0, 'advice': ' 根据《大唐集团1号文件》规定，该同志在集团公司2019年“安全员”培训项目中达到考核标准，企业可依据实际情况，在上岗时予以参考。', 'advice_time': '2019年4月15日'}
{'company': '湖南分公司', 'companyName': '大唐华银攸县能源有限公司', 'departmentName': '设备部', 'job': '点检员', 'userName': '冯景', 'sex': '男', 'idCard': '430203198109041516', 'tech': '工程师', 'skillLevel': '', 'position': '唐颂教室', 'time': '04.01-04.05', 'study_time': 30.0, 'score': 92.0, 'advice': ' 根据《大唐集团1号文件》规定，该同志在集团公司2019年“安全员”培训项目中达到考核标准，企业可依据实际情况，在上岗时予以参考。', 'advice_time': '2019年4月15日'}
{'company': '湖南分公司', 'companyName': '大唐华银攸县能源有限公司', 'departmentName': '设备部', 'job': '维护员', 'userName': '贺志明', 'sex': '男', 'idCard': '430424198410266418', 'tech': '助理工程师', 'skillLevel': '', 'position': '唐颂教室', 'time': '04.01-04.05', 'study_time': 30.0, 'score': 91.0, 'advice': ' 根据《大唐集团1号文件》规定，该同志在集团公司2019年“安全员”培训项目中达到考核标准，企业可依据实际情况，在上岗时予以参考。', 'advice_time': '2019年4月15日'}
{'company': '苏宁', 'companyName': '苏宁2', 'departmentName': '前端开发', 'job': '工程师', 'userName': '闻磊', 'sex': '男', 'idCard': '130928199205206914', 'tech': '高级', 'skillLevel': '高级', 'position': '唐颂教室', 'time': '04.01-04.05', 'study_time': 30.0, 'score': 99.0, 'advice': ' 根据《大唐集团1号文件》规定，该同志在集团公司2019年“安全员”培训项目中达到考核标准，企业可依据实际情况，在上岗时予以参考。', 'advice_time': '2019年4月15日'}
{'company': '大唐', 'companyName': '南环', 'departmentName': '培训中心', 'job': '专员', 'userName': '康珺馨', 'sex': '女', 'idCard': '1212198918918291', 'tech': '中级', 'skillLevel': '中级', 'position': '唐颂教室', 'time': '04.01-04.05', 'study_time': 30.0, 'score': 98.0, 'advice': ' 根据《大唐集团1号文件》规定，该同志在集团公司2019年“安全员”培训项目中达到考核标准，企业可依据实际情况，在上岗时予以参考。', 'advice_time': '2019年4月15日'}
{'company': '新疆公司', 'companyName': '大唐新疆发电有限公司', 'departmentName': '安全生产部', 'job': '环保科技信息主管', 'userName': '钱为', 'sex': '男', 'idCard': '652301197903140811', 'tech': '中级', 'skillLevel': '高级工', 'position': '唐颂教室', 'time': '04.01-04.05', 'study_time': 30.0, 'score': 97.0, 'advice': ' 根据《大唐集团1号文件》规定，该同志在集团公司2019年“安全员”培训项目中达到考核标准，企业可依据实际情况，在上岗时予以参考。', 'advice_time': '2019年4月15日'}
{'company': '新疆公司', 'companyName': '大唐呼图壁能源开发有限公司热电厂', 'departmentName': '设备部', 'job': '副主任', 'userName': '刘俊源', 'sex': '男', 'idCard': '65232419711261938', 'tech': '助工', 'skillLevel': '高级技师', 'position': '唐颂教室', 'time': '04.01-04.05', 'study_time': 30.0, 'score': 96.0, 'advice': ' 根据《大唐集团1号文件》规定，该同志在集团公司2019年“安全员”培训项目中达到考核标准，企业可依据实际情况，在上岗时予以参考。', 'advice_time': '2019年4月15日'}
{'company': '新疆公司', 'companyName': '大唐呼图壁能源开发有限公司热电厂', 'departmentName': '安全监察部', 'job': '安全主管', 'userName': '吴修红', 'sex': '男', 'idCard': '410926197305294814', 'tech': '工程师', 'skillLevel': '', 'position': '唐颂教室', 'time': '04.01-04.05', 'study_time': 30.0, 'score': 95.0, 'advice': ' 根据《大唐集团1号文件》规定，该同志在集团公司2019年“安全员”培训项目中达到考核标准，企业可依据实际情况，在上岗时予以参考。', 'advice_time': '2019年4月15日'}
{'company': '大唐环境产业集团', 'companyName': '大唐环境产业集团股份有限公司呼图壁项目部', 'departmentName': '呼图壁项目部', 'job': '安全主管', 'userName': '海志民', 'sex': '男', 'idCard': '652324198412121914', 'tech': '助理工程师', 'skillLevel': '高级工', 'position': '唐颂教室', 'time': '04.01-04.05', 'study_time': 30.0, 'score': 94.0, 'advice': ' 根据《大唐集团1号文件》规定，该同志在集团公司2019年“安全员”培训项目中达到考核标准，企业可依据实际情况，在上岗时予以参考。', 'advice_time': '2019年4月15日'}[2019-04-23 08:11:29 +0000] [22886] [INFO] Handling signal: term
[2019-04-23 08:11:29 +0000] [22889] [INFO] Worker exiting (pid: 22889)

{'company': '大唐环境特许经营分公司', 'companyName': '大唐环境产业集团股份有限公司托克托项目分公司', 'departmentName': '托克托项目分公司', 'job': '运行主管', 'userName': '高宽', 'sex': '男', 'idCard': '640382198610071313', 'tech': '', 'skillLevel': '高级工', 'position': '唐颂教室', 'time': '04.01-04.05', 'study_time': 30.0, 'score': 93.0, 'advice': ' 根据《大唐集团1号文件》规定，该同志在集团公司2019年“安全员”培训项目中达到考核标准，企业可依据实际情况，在上岗时予以参考。', 'advice_time': '2019年4月15日'}
{'company': '湖南分公司', 'companyName': '大唐华银攸县能源有限公司', 'departmentName': '设备部', 'job': '点检员', 'userName': '冯景', 'sex': '男', 'idCard': '430203198109041516', 'tech': '工程师', 'skillLevel': '', 'position': '唐颂教室', 'time': '04.01-04.05', 'study_time': 30.0, 'score': 92.0, 'advice': ' 根据《大唐集团1号文件》规定，该同志在集团公司2019年“安全员”培训项目中达到考核标准，企业可依据实际情况，在上岗时予以参考。', 'advice_time': '2019年4月15日'}
{'company': '湖南分公司', 'companyName': '大唐华银攸县能源有限公司', 'departmentName': '设备部', 'job': '维护员', 'userName': '贺志明', 'sex': '男', 'idCard': '430424198410266418', 'tech': '助理工程师', 'skillLevel': '', 'position': '唐颂教室', 'time': '04.01-04.05', 'study_time': 30.0, 'score': 91.0, 'advice': ' 根据《大唐集团1号文件》规定，该同志在集团公司2019年“安全员”培训项目中达到考核标准，企业可依据实际情况，在上岗时予以参考。', 'advice_time': '2019年4月15日'}
[2019-04-23 08:11:29 +0000] [22886] [INFO] Shutting down: Master
[2019-04-23 08:29:35 +0000] [23239] [INFO] Starting gunicorn 19.9.0
[2019-04-23 08:29:35 +0000] [23239] [INFO] Listening at: http://0.0.0.0:8001 (23239)
[2019-04-23 08:29:35 +0000] [23239] [INFO] Using worker: sync
[2019-04-23 08:29:35 +0000] [23242] [INFO] Booting worker with pid: 23242
{'company': '苏宁', 'companyName': '苏宁2', 'departmentName': '前端开发', 'job': '工程师', 'userName': '闻磊', 'sex': '男', 'idCard': '130928199205206914', 'tech': '高级', 'skillLevel': '高级', 'position': '唐颂教室', 'time': '04.01-04.05', 'study_time': 30.0, 'score': 99.0, 'advice': ' 根据《大唐集团1号文件》规定，该同志在集团公司2019年“安全员”培训项目中达到考核标准，企业可依据实际情况，在上岗时予以参考。', 'advice_time': '2019年4月15日'}
{'company': '大唐', 'companyName': '南环', 'departmentName': '培训中心', 'job': '专员', 'userName': '康珺馨', 'sex': '女', 'idCard': '1212198918918291', 'tech': '中级', 'skillLevel': '中级', 'position': '唐颂教室', 'time': '04.01-04.05', 'study_time': 30.0, 'score': 98.0, 'advice': ' 根据《大唐集团1号文件》规定，该同志在集团公司2019年“安全员”培训项目中达到考核标准，企业可依据实际情况，在上岗时予以参考。', 'advice_time': '2019年4月15日'}
{'company': '新疆公司', 'companyName': '大唐新疆发电有限公司', 'departmentName': '安全生产部', 'job': '环保科技信息主管', 'userName': '钱为', 'sex': '男', 'idCard': '652301197903140811', 'tech': '中级', 'skillLevel': '高级工', 'position': '唐颂教室', 'time': '04.01-04.05', 'study_time': 30.0, 'score': 97.0, 'advice': ' 根据《大唐集团1号文件》规定，该同志在集团公司2019年“安全员”培训项目中达到考核标准，企业可依据实际情况，在上岗时予以参考。', 'advice_time': '2019年4月15日'}
{'company': '新疆公司', 'companyName': '大唐呼图壁能源开发有限公司热电厂', 'departmentName': '设备部', 'job': '副主任', 'userName': '刘俊源', 'sex': '男', 'idCard': '65232419711261938', 'tech': '助工', 'skillLevel': '高级技师', 'position': '唐颂教室', 'time': '04.01-04.05', 'study_time': 30.0, 'score': 96.0, 'advice': ' 根据《大唐集团1号文件》规定，该同志在集团公司2019年“安全员”培训项目中达到考核标准，企业可依据实际情况，在上岗时予以参考。', 'advice_time': '2019年4月15日'}
{'company': '新疆公司', 'companyName': '大唐呼图壁能源开发有限公司热电厂', 'departmentName': '安全监察部', 'job': '安全主管', 'userName': '吴修红', 'sex': '男', 'idCard': '410926197305294814', 'tech': '工程师', 'skillLevel': '', 'position': '唐颂教室', 'time': '04.01-04.05', 'study_time': 30.0, 'score': 95.0, 'advice': ' 根据《大唐集团1号文件》规定，该同志在集团公司2019年“安全员”培训项目中达到考核标准，企业可依据实际情况，在上岗时予以参考。', 'advice_time': '2019年4月15日'}
{'company': '大唐环境产业集团', 'companyName': '大唐环境产业集团股份有限公司呼图壁项目部', 'departmentName': '呼图壁项目部', 'job': '安全主管', 'userName': '海志民', 'sex': '男', 'idCard': '652324198412121914', 'tech': '助理工程师', 'skillLevel': '高级工', 'position': '唐颂教室', 'time': '04.01-04.05', 'study_time': 30.0, 'score': 94.0, 'advice': ' 根据《大唐集团1号文件》规定，该同志在集团公司2019年“安全员”培训项目中达到考核标准，企业可依据实际情况，在上岗时予以参考。', 'advice_time': '2019年4月15日'}
{'company': '大唐环境特许经营分公司', 'companyName': '大唐环境产业集团股份有限公司托克托项目分公司', 'departmentName': '托克托项目分公司', 'job': '运行主管', 'userName': '高宽', 'sex': '男', 'idCard': '640382198610071313', 'tech': '', 'skillLevel': '高级工', 'position': '唐颂教室', 'time': '04.01-04.05', 'study_time': 30.0, 'score': 93.0, 'advice': ' 根据《大唐集团1号文件》规定，该同志在集团公司2019年“安全员”培训项目中达到考核标准，企业可依据实际情况，在上岗时予以参考。', 'advice_time': '2019年4月15日'}
{'company': '湖南分公司', 'companyName': '大唐华银攸县能源有限公司', 'departmentName': '设备部', 'job': '点检员', 'userName': '冯景', 'sex': '男', 'idCard': '430203198109041516', 'tech': '工程师', 'skillLevel': '', 'position': '唐颂教室', 'time': '04.01-04.05', 'study_time': 30.0, 'score': 92.0, 'advice': ' 根据《大唐集团1号文件》规定，该同志在集团公司2019年“安全员”培训项目中达到考核标准，企业可依据实际情况，在上岗时予以参考。', 'advice_time': '2019年4月15日'}
{'company': '湖南分公司', 'companyName': '大唐华银攸县能源有限公司', 'departmentName': '设备部', 'job': '维护员', 'userName': '贺志明', 'sex': '男', 'idCard': '430424198410266418', 'tech': '助理工程师', 'skillLevel': '', 'position': '唐颂教室', 'time': '04.01-04.05', 'study_time': 30.0, 'score': 91.0, 'advice': ' 根据《大唐集团1号文件》规定，该同志在集团公司2019年“安全员”培训项目中达到考核标准，企业可依据实际情况，在上岗时予以参考。', 'advice_time': '2019年4月15日'}
{'company': '苏宁', 'companyName': '苏宁2', 'departmentName': '前端开发', 'job': '工程师', 'userName': '闻磊', 'sex': '男', 'idCard': '130928199205206914', 'tech': '高级', 'skillLevel': '高级', 'position': '唐颂教室', 'time': '04.01-04.05', 'study_time': 30.0, 'score': 99.0, 'advice': ' 根据《大唐集团1号文件》规定，该同志在集团公司2019年“安全员”培训项目中达到考核标准，企业可依据实际情况，在上岗时予以参考。', 'advice_time': '2019年4月15日'}
{'company': '大唐', 'companyName': '南环', 'departmentName': '培训中心', 'job': '专员', 'userName': '康珺馨', 'sex': '女', 'idCard': '1212198918918291', 'tech': '中级', 'skillLevel': '中级', 'position': '唐颂教室', 'time': '04.01-04.05', 'study_time': 30.0, 'score': 98.0, 'advice': ' 根据《大唐集团1号文件》规定，该同志在集团公司2019年“安全员”培训项目中达到考核标准，企业可依据实际情况，在上岗时予以参考。', 'advice_time': '2019年4月15日'}
{'company': '新疆公司', 'companyName': '大唐新疆发电有限公司', 'departmentName': '安全生产部', 'job': '环保科技信息主管', 'userName': '钱为', 'sex': '男', 'idCard': '652301197903140811', 'tech': '中级', 'skillLevel': '高级工', 'position': '唐颂教室', 'time': '04.01-04.05', 'study_time': 30.0, 'score': 97.0, 'advice': ' 根据《大唐集团1号文件》规定，该同志在集团公司2019年“安全员”培训项目中达到考核标准，企业可依据实际情况，在上岗时予以参考。', 'advice_time': '2019年4月15日'}
{'company': '新疆公司', 'companyName': '大唐呼图壁能源开发有限公司热电厂', 'departmentName': '设备部', 'job': '副主任', 'userName': '刘俊源', 'sex': '男', 'idCard': '65232419711261938', 'tech': '助工', 'skillLevel': '高级技师', 'position': '唐颂教室', 'time': '04.01-04.05', 'study_time': 30.0, 'score': 96.0, 'advice': ' 根据《大唐集团1号文件》规定，该同志在集团公司2019年“安全员”培训项目中达到考核标准，企业可依据实际情况，在上岗时予以参考。', 'advice_time': '2019年4月15日'}
{'company': '新疆公司', 'companyName': '大唐呼图壁能源开发有限公司热电厂', 'departmentName': '安全监察部', 'job': '安全主管', 'userName': '吴修红', 'sex': '男', 'idCard': '410926197305294814', 'tech': '工程师', 'skillLevel': '', 'position': '唐颂教室', 'time': '04.01-04.05', 'study_time': 30.0, 'score': 95.0, 'advice': ' 根据《大唐集团1号文件》规定，该同志在集团公司2019年“安全员”培训项目中达到考核标准，企业可依据实际情况，在上岗时予以参考。', 'advice_time': '2019年4月15日'}
{'company': '大唐环境产业集团', 'companyName': '大唐环境产业集团股份有限公司呼图壁项目部', 'departmentName': '呼图壁项目部', 'job': '安全主管', 'userName': '海志民', 'sex': '男', 'idCard': '652324198412121914', 'tech': '助理工程师', 'skillLevel': '高级工', 'position': '唐颂教室', 'time': '04.01-04.05', 'study_time': 30.0, 'score': 94.0, 'advice': ' 根据《大唐集团1号文件》规定，该同志在集团公司2019年“安全员”培训项目中达到考核标准，企业可依据实际情况，在上岗时予以参考。', 'advice_time': '2019年4月15日'}[2019-04-23 11:04:12 +0000] [23754] [INFO] Booting worker with pid: 23754
[2019-04-23 11:04:13 +0000] [23239] [INFO] Handling signal: hup
[2019-04-23 11:04:13 +0000] [23239] [INFO] Hang up: Master
[2019-04-23 11:04:13 +0000] [23756] [INFO] Booting worker with pid: 23756
[2019-04-23 11:04:13 +0000] [23754] [INFO] Worker exiting (pid: 23754)
[2019-04-24 01:12:03 +0000] [23239] [INFO] Handling signal: term
[2019-04-24 01:12:03 +0000] [23756] [INFO] Worker exiting (pid: 23756)
{'company': '苏宁', 'companyName': '苏宁2', 'departmentName': '前端开发', 'job': '工程师', 'userName': '闻磊', 'sex': '男', 'idCard': '130928199205206914', 'tech': '高级', 'skillLevel': '高级', 'position': '唐颂教室', 'time': '04.01-04.05', 'study_time': 30.0, 'score': 99.0, 'advice': ' 根据《大唐集团1号文件》规定，该同志在集团公司2019年“安全员”培训项目中达到考核标准，企业可依据实际情况，在上岗时予以参考。', 'advice_time': '2019年4月15日'}
{'company': '大唐', 'companyName': '南环', 'departmentName': '培训中心', 'job': '专员', 'userName': '康珺馨', 'sex': '女', 'idCard': '1212198918918291', 'tech': '中级', 'skillLevel': '中级', 'position': '唐颂教室', 'time': '04.01-04.05', 'study_time': 30.0, 'score': 98.0, 'advice': ' 根据《大唐集团1号文件》规定，该同志在集团公司2019年“安全员”培训项目中达到考核标准，企业可依据实际情况，在上岗时予以参考。', 'advice_time': '2019年4月15日'}
{'company': '新疆公司', 'companyName': '大唐新疆发电有限公司', 'departmentName': '安全生产部', 'job': '环保科技信息主管', 'userName': '钱为', 'sex': '男', 'idCard': '652301197903140811', 'tech': '中级', 'skillLevel': '高级工', 'position': '唐颂教室', 'time': '04.01-04.05', 'study_time': 30.0, 'score': 97.0, 'advice': ' 根据《大唐集团1号文件》规定，该同志在集团公司2019年“安全员”培训项目中达到考核标准，企业可依据实际情况，在上岗时予以参考。', 'advice_time': '2019年4月15日'}
{'company': '新疆公司', 'companyName': '大唐呼图壁能源开发有限公司热电厂', 'departmentName': '设备部', 'job': '副主任', 'userName': '刘俊源', 'sex': '男', 'idCard': '65232419711261938', 'tech': '助工', 'skillLevel': '高级技师', 'position': '唐颂教室', 'time': '04.01-04.05', 'study_time': 30.0, 'score': 96.0, 'advice': ' 根据《大唐集团1号文件》规定，该同志在集团公司2019年“安全员”培训项目中达到考核标准，企业可依据实际情况，在上岗时予以参考。', 'advice_time': '2019年4月15日'}
{'company': '新疆公司', 'companyName': '大唐呼图壁能源开发有限公司热电厂', 'departmentName': '安全监察部', 'job': '安全主管', 'userName': '吴修红', 'sex': '男', 'idCard': '410926197305294814', 'tech': '工程师', 'skillLevel': '', 'position': '唐颂教室', 'time': '04.01-04.05', 'study_time': 30.0, 'score': 95.0, 'advice': ' 根据《大唐集团1号文件》规定，该同志在集团公司2019年“安全员”培训项目中达到考核标准，企业可依据实际情况，在上岗时予以参考。', 'advice_time': '2019年4月15日'}
{'company': '大唐环境产业集团', 'companyName': '大唐环境产业集团股份有限公司呼图壁项目部', 'departmentName': '呼图壁项目部', 'job': '安全主管', 'userName': '海志民', 'sex': '男', 'idCard': '652324198412121914', 'tech': '助理工程师', 'skillLevel': '高级工', 'position': '唐颂教室', 'time': '04.01-04.05', 'study_time': 30.0, 'score': 94.0, 'advice': ' 根据《大唐集团1号文件》规定，该同志在集团公司2019年“安全员”培训项目中达到考核标准，企业可依据实际情况，在上岗时予以参考。', 'advice_time': '2019年4月15日'}
{'company': '大唐环境特许经营分公司', 'companyName': '大唐环境产业集团股份有限公司托克托项目分公司', 'departmentName': '托克托项目分公司', 'job': '运行主管', 'userName': '高宽', 'sex': '男', 'idCard': '640382198610071313', 'tech': '', 'skillLevel': '高级工', 'position': '唐颂教室', 'time': '04.01-04.05', 'study_time': 30.0, 'score': 93.0, 'advice': ' 根据《大唐集团1号文件》规定，该同志在集团公司2019年“安全员”培训项目中达到考核标准，企业可依据实际情况，在上岗时予以参考。', 'advice_time': '2019年4月15日'}
{'company': '湖南分公司', 'companyName': '大唐华银攸县能源有限公司', 'departmentName': '设备部', 'job': '点检员', 'userName': '冯景', 'sex': '男', 'idCard': '430203198109041516', 'tech': '工程师', 'skillLevel': '', 'position': '唐颂教室', 'time': '04.01-04.05', 'study_time': 30.0, 'score': 92.0, 'advice': ' 根据《大唐集团1号文件》规定，该同志在集团公司2019年“安全员”培训项目中达到考核标准，企业可依据实际情况，在上岗时予以参考。', 'advice_time': '2019年4月15日'}
{'company': '湖南分公司', 'companyName': '大唐华银攸县能源有限公司', 'departmentName': '设备部', 'job': '维护员', 'userName': '贺志明', 'sex': '男', 'idCard': '430424198410266418', 'tech': '助理工程师', 'skillLevel': '', 'position': '唐颂教室', 'time': '04.01-04.05', 'study_time': 30.0, 'score': 91.0, 'advice': ' 根据《大唐集团1号文件》规定，该同志在集团公司2019年“安全员”培训项目中达到考核标准，企业可依据实际情况，在上岗时予以参考。', 'advice_time': '2019年4月15日'}
[2019-04-24 01:12:03 +0000] [23239] [INFO] Shutting down: Master
[2019-04-24 01:12:41 +0000] [25170] [INFO] Starting gunicorn 19.9.0
[2019-04-24 01:12:41 +0000] [25170] [INFO] Listening at: http://0.0.0.0:8001 (25170)
[2019-04-24 01:12:41 +0000] [25170] [INFO] Using worker: sync
[2019-04-24 01:12:41 +0000] [25173] [INFO] Booting worker with pid: 25173
[2019-04-24 01:12:47 +0000] [25170] [INFO] Handling signal: int
[2019-04-24 01:12:48 +0000] [25170] [INFO] Shutting down: Master
[2019-04-24 01:12:51 +0000] [25175] [INFO] Starting gunicorn 19.9.0
[2019-04-24 01:12:51 +0000] [25175] [INFO] Listening at: http://0.0.0.0:8001 (25175)
[2019-04-24 01:12:51 +0000] [25175] [INFO] Using worker: sync
[2019-04-24 01:12:51 +0000] [25178] [INFO] Booting worker with pid: 25178
[2019-04-24 01:35:28 +0000] [25270] [INFO] Starting gunicorn 19.9.0
[2019-04-24 01:35:28 +0000] [25270] [ERROR] Connection in use: ('0.0.0.0', 8001)
[2019-04-24 01:35:28 +0000] [25270] [ERROR] Retrying in 1 second.
[2019-04-24 01:35:29 +0000] [25270] [ERROR] Connection in use: ('0.0.0.0', 8001)
[2019-04-24 01:35:29 +0000] [25270] [ERROR] Retrying in 1 second.
[2019-04-24 01:35:30 +0000] [25270] [ERROR] Connection in use: ('0.0.0.0', 8001)
[2019-04-24 01:35:30 +0000] [25270] [ERROR] Retrying in 1 second.
[2019-04-24 01:35:31 +0000] [25270] [ERROR] Connection in use: ('0.0.0.0', 8001)
[2019-04-24 01:35:31 +0000] [25270] [ERROR] Retrying in 1 second.
[2019-04-24 01:35:32 +0000] [25270] [ERROR] Connection in use: ('0.0.0.0', 8001)
[2019-04-24 01:35:32 +0000] [25270] [ERROR] Retrying in 1 second.
[2019-04-24 01:35:33 +0000] [25270] [ERROR] Can't connect to ('0.0.0.0', 8001)
